<?xml version="1.0" encoding="UTF-8"?>
<testng-results skipped="5" failed="1" total="6" passed="0">
  <reporter-output>
  </reporter-output>
  <suite name="Default suite" duration-ms="38173" started-at="2018-04-12T13:54:56Z" finished-at="2018-04-12T13:55:34Z">
    <groups>
    </groups>
    <test name="Default test" duration-ms="38173" started-at="2018-04-12T13:54:56Z" finished-at="2018-04-12T13:55:34Z">
      <class name="com.trc.qa.testcases.PatientsPageTest">
        <test-method status="PASS" signature="setUp()" name="setUp" is-config="true" duration-ms="19792" started-at="2018-04-12T13:54:56Z" finished-at="2018-04-12T13:55:16Z">
        </test-method>
        <test-method status="FAIL" signature="createnewPatient(java.lang.String, java.lang.String, java.lang.String, java.lang.String, java.lang.String, java.lang.String, java.lang.String, java.lang.String, java.lang.String, java.lang.String, java.lang.String, java.lang.String, java.lang.String, java.lang.String, java.lang.String)" name="createnewPatient" duration-ms="17205" started-at="2018-04-12T13:55:16Z" finished-at="2018-04-12T13:55:33Z">
          <params>
            <param index="0">
              <value>
                <![CDATA[Mr.]]>
              </value>
            </param>
            <param index="1">
              <value>
                <![CDATA[James]]>
              </value>
            </param>
            <param index="2">
              <value>
                <![CDATA[smith]]>
              </value>
            </param>
            <param index="3">
              <value>
                <![CDATA[0.0]]>
              </value>
            </param>
            <param index="4">
              <value>
                <![CDATA[22.0]]>
              </value>
            </param>
            <param index="5">
              <value>
                <![CDATA[jim@gmail.com]]>
              </value>
            </param>
            <param index="6">
              <value>
                <![CDATA[9.87654321E8]]>
              </value>
            </param>
            <param index="7">
              <value>
                <![CDATA[116 street]]>
              </value>
            </param>
            <param index="8">
              <value>
                <![CDATA[117 Street]]>
              </value>
            </param>
            <param index="9">
              <value>
                <![CDATA[Dalla]]>
              </value>
            </param>
            <param index="10">
              <value>
                <![CDATA[75201.0]]>
              </value>
            </param>
            <param index="11">
              <value>
                <![CDATA[UNITED STATES]]>
              </value>
            </param>
            <param index="12">
              <value>
                <![CDATA[ALASKA]]>
              </value>
            </param>
            <param index="13">
              <value>
                <![CDATA[The Reversal Clinic, Oklahoma]]>
              </value>
            </param>
            <param index="14">
              <value>
                <![CDATA[David  Wilson]]>
              </value>
            </param>
          </params>
          <exception class="org.openqa.selenium.WebDriverException">
            <message>
              <![CDATA[Failed to decode response from marionette
Build info: version: '3.7.1', revision: '8a0099a', time: '2017-11-06T21:01:39.354Z'
System info: host: 'AEZIONDEV10', ip: '192.168.1.100', os.name: 'Windows 8.1', os.arch: 'amd64', os.version: '6.3', java.version: '1.8.0_121'
Driver info: org.openqa.selenium.firefox.FirefoxDriver
Capabilities {acceptInsecureCerts: true, browserName: firefox, browserVersion: 59.0.2, javascriptEnabled: true, moz:accessibilityChecks: false, moz:headless: false, moz:processID: 7232, moz:profile: C:\Users\Aezion.Dev10\AppDa..., moz:useNonSpecCompliantPointerOrigin: false, moz:webdriverClick: true, pageLoadStrategy: normal, platform: XP, platformName: XP, platformVersion: 6.3, rotatable: false, timeouts: {implicit: 0, pageLoad: 300000, script: 30000}}
Session ID: e98382ce-5719-4291-b766-273cb6b6151f
*** Element info: {Using=id, value=BStateId}]]>
            </message>
            <full-stacktrace>
              <![CDATA[org.openqa.selenium.WebDriverException: Failed to decode response from marionette
Build info: version: '3.7.1', revision: '8a0099a', time: '2017-11-06T21:01:39.354Z'
System info: host: 'AEZIONDEV10', ip: '192.168.1.100', os.name: 'Windows 8.1', os.arch: 'amd64', os.version: '6.3', java.version: '1.8.0_121'
Driver info: org.openqa.selenium.firefox.FirefoxDriver
Capabilities {acceptInsecureCerts: true, browserName: firefox, browserVersion: 59.0.2, javascriptEnabled: true, moz:accessibilityChecks: false, moz:headless: false, moz:processID: 7232, moz:profile: C:\Users\Aezion.Dev10\AppDa..., moz:useNonSpecCompliantPointerOrigin: false, moz:webdriverClick: true, pageLoadStrategy: normal, platform: XP, platformName: XP, platformVersion: 6.3, rotatable: false, timeouts: {implicit: 0, pageLoad: 300000, script: 30000}}
Session ID: e98382ce-5719-4291-b766-273cb6b6151f
*** Element info: {Using=id, value=BStateId}
	at sun.reflect.NativeConstructorAccessorImpl.newInstance0(Native Method)
	at sun.reflect.NativeConstructorAccessorImpl.newInstance(Unknown Source)
	at sun.reflect.DelegatingConstructorAccessorImpl.newInstance(Unknown Source)
	at java.lang.reflect.Constructor.newInstance(Unknown Source)
	at org.openqa.selenium.remote.http.W3CHttpResponseCodec.createException(W3CHttpResponseCodec.java:187)
	at org.openqa.selenium.remote.http.W3CHttpResponseCodec.decode(W3CHttpResponseCodec.java:122)
	at org.openqa.selenium.remote.http.W3CHttpResponseCodec.decode(W3CHttpResponseCodec.java:49)
	at org.openqa.selenium.remote.HttpCommandExecutor.execute(HttpCommandExecutor.java:164)
	at org.openqa.selenium.remote.service.DriverCommandExecutor.execute(DriverCommandExecutor.java:83)
	at org.openqa.selenium.remote.RemoteWebDriver.execute(RemoteWebDriver.java:600)
	at org.openqa.selenium.remote.RemoteWebDriver.findElement(RemoteWebDriver.java:370)
	at org.openqa.selenium.remote.RemoteWebDriver.findElementById(RemoteWebDriver.java:416)
	at org.openqa.selenium.By$ById.findElement(By.java:218)
	at org.openqa.selenium.remote.RemoteWebDriver.findElement(RemoteWebDriver.java:362)
	at com.trc.qa.pages.PatientsPage.CreateNewPatient(PatientsPage.java:207)
	at com.trc.qa.testcases.PatientsPageTest.createnewPatient(PatientsPageTest.java:65)
	at sun.reflect.NativeMethodAccessorImpl.invoke0(Native Method)
	at sun.reflect.NativeMethodAccessorImpl.invoke(Unknown Source)
	at sun.reflect.DelegatingMethodAccessorImpl.invoke(Unknown Source)
	at java.lang.reflect.Method.invoke(Unknown Source)
	at org.testng.internal.MethodInvocationHelper.invokeMethod(MethodInvocationHelper.java:76)
	at org.testng.internal.Invoker.invokeMethod(Invoker.java:673)
	at org.testng.internal.Invoker.invokeTestMethod(Invoker.java:846)
	at org.testng.internal.Invoker.invokeTestMethods(Invoker.java:1170)
	at org.testng.internal.TestMethodWorker.invokeTestMethods(TestMethodWorker.java:125)
	at org.testng.internal.TestMethodWorker.run(TestMethodWorker.java:109)
	at org.testng.TestRunner.runWorkers(TestRunner.java:1147)
	at org.testng.TestRunner.privateRun(TestRunner.java:749)
	at org.testng.TestRunner.run(TestRunner.java:600)
	at org.testng.SuiteRunner.runTest(SuiteRunner.java:317)
	at org.testng.SuiteRunner.runSequentially(SuiteRunner.java:312)
	at org.testng.SuiteRunner.privateRun(SuiteRunner.java:274)
	at org.testng.SuiteRunner.run(SuiteRunner.java:223)
	at org.testng.SuiteRunnerWorker.runSuite(SuiteRunnerWorker.java:52)
	at org.testng.SuiteRunnerWorker.run(SuiteRunnerWorker.java:86)
	at org.testng.TestNG.runSuitesSequentially(TestNG.java:1039)
	at org.testng.TestNG.runSuitesLocally(TestNG.java:964)
	at org.testng.TestNG.run(TestNG.java:900)
	at org.testng.remote.AbstractRemoteTestNG.run(AbstractRemoteTestNG.java:114)
	at org.testng.remote.RemoteTestNG.initAndRun(RemoteTestNG.java:251)
	at org.testng.remote.RemoteTestNG.main(RemoteTestNG.java:77)
]]>
            </full-stacktrace>
          </exception>
        </test-method>
        <test-method status="FAIL" signature="tearDown()" name="tearDown" is-config="true" duration-ms="0" started-at="2018-04-12T13:55:33Z" finished-at="2018-04-12T13:55:33Z">
          <exception class="org.openqa.selenium.SessionNotCreatedException">
            <message>
              <![CDATA[Tried to run command without establishing a connection
Build info: version: '3.7.1', revision: '8a0099a', time: '2017-11-06T21:01:39.354Z'
System info: host: 'AEZIONDEV10', ip: '192.168.1.100', os.name: 'Windows 8.1', os.arch: 'amd64', os.version: '6.3', java.version: '1.8.0_121'
Driver info: org.openqa.selenium.firefox.FirefoxDriver
Capabilities {acceptInsecureCerts: true, browserName: firefox, browserVersion: 59.0.2, javascriptEnabled: true, moz:accessibilityChecks: false, moz:headless: false, moz:processID: 7232, moz:profile: C:\Users\Aezion.Dev10\AppDa..., moz:useNonSpecCompliantPointerOrigin: false, moz:webdriverClick: true, pageLoadStrategy: normal, platform: XP, platformName: XP, platformVersion: 6.3, rotatable: false, timeouts: {implicit: 0, pageLoad: 300000, script: 30000}}
Session ID: e98382ce-5719-4291-b766-273cb6b6151f]]>
            </message>
            <full-stacktrace>
              <![CDATA[org.openqa.selenium.SessionNotCreatedException: Tried to run command without establishing a connection
Build info: version: '3.7.1', revision: '8a0099a', time: '2017-11-06T21:01:39.354Z'
System info: host: 'AEZIONDEV10', ip: '192.168.1.100', os.name: 'Windows 8.1', os.arch: 'amd64', os.version: '6.3', java.version: '1.8.0_121'
Driver info: org.openqa.selenium.firefox.FirefoxDriver
Capabilities {acceptInsecureCerts: true, browserName: firefox, browserVersion: 59.0.2, javascriptEnabled: true, moz:accessibilityChecks: false, moz:headless: false, moz:processID: 7232, moz:profile: C:\Users\Aezion.Dev10\AppDa..., moz:useNonSpecCompliantPointerOrigin: false, moz:webdriverClick: true, pageLoadStrategy: normal, platform: XP, platformName: XP, platformVersion: 6.3, rotatable: false, timeouts: {implicit: 0, pageLoad: 300000, script: 30000}}
Session ID: e98382ce-5719-4291-b766-273cb6b6151f
	at sun.reflect.NativeConstructorAccessorImpl.newInstance0(Native Method)
	at sun.reflect.NativeConstructorAccessorImpl.newInstance(Unknown Source)
	at sun.reflect.DelegatingConstructorAccessorImpl.newInstance(Unknown Source)
	at java.lang.reflect.Constructor.newInstance(Unknown Source)
	at org.openqa.selenium.remote.http.W3CHttpResponseCodec.createException(W3CHttpResponseCodec.java:187)
	at org.openqa.selenium.remote.http.W3CHttpResponseCodec.decode(W3CHttpResponseCodec.java:122)
	at org.openqa.selenium.remote.http.W3CHttpResponseCodec.decode(W3CHttpResponseCodec.java:49)
	at org.openqa.selenium.remote.HttpCommandExecutor.execute(HttpCommandExecutor.java:164)
	at org.openqa.selenium.remote.service.DriverCommandExecutor.execute(DriverCommandExecutor.java:83)
	at org.openqa.selenium.remote.RemoteWebDriver.execute(RemoteWebDriver.java:600)
	at org.openqa.selenium.remote.RemoteWebDriver.execute(RemoteWebDriver.java:657)
	at org.openqa.selenium.remote.RemoteWebDriver.quit(RemoteWebDriver.java:496)
	at com.trc.qa.testcases.PatientsPageTest.tearDown(PatientsPageTest.java:119)
	at sun.reflect.NativeMethodAccessorImpl.invoke0(Native Method)
	at sun.reflect.NativeMethodAccessorImpl.invoke(Unknown Source)
	at sun.reflect.DelegatingMethodAccessorImpl.invoke(Unknown Source)
	at java.lang.reflect.Method.invoke(Unknown Source)
	at org.testng.internal.MethodInvocationHelper.invokeMethod(MethodInvocationHelper.java:76)
	at org.testng.internal.Invoker.invokeConfigurationMethod(Invoker.java:525)
	at org.testng.internal.Invoker.invokeConfigurations(Invoker.java:202)
	at org.testng.internal.Invoker.invokeMethod(Invoker.java:757)
	at org.testng.internal.Invoker.invokeTestMethod(Invoker.java:846)
	at org.testng.internal.Invoker.invokeTestMethods(Invoker.java:1170)
	at org.testng.internal.TestMethodWorker.invokeTestMethods(TestMethodWorker.java:125)
	at org.testng.internal.TestMethodWorker.run(TestMethodWorker.java:109)
	at org.testng.TestRunner.runWorkers(TestRunner.java:1147)
	at org.testng.TestRunner.privateRun(TestRunner.java:749)
	at org.testng.TestRunner.run(TestRunner.java:600)
	at org.testng.SuiteRunner.runTest(SuiteRunner.java:317)
	at org.testng.SuiteRunner.runSequentially(SuiteRunner.java:312)
	at org.testng.SuiteRunner.privateRun(SuiteRunner.java:274)
	at org.testng.SuiteRunner.run(SuiteRunner.java:223)
	at org.testng.SuiteRunnerWorker.runSuite(SuiteRunnerWorker.java:52)
	at org.testng.SuiteRunnerWorker.run(SuiteRunnerWorker.java:86)
	at org.testng.TestNG.runSuitesSequentially(TestNG.java:1039)
	at org.testng.TestNG.runSuitesLocally(TestNG.java:964)
	at org.testng.TestNG.run(TestNG.java:900)
	at org.testng.remote.AbstractRemoteTestNG.run(AbstractRemoteTestNG.java:114)
	at org.testng.remote.RemoteTestNG.initAndRun(RemoteTestNG.java:251)
	at org.testng.remote.RemoteTestNG.main(RemoteTestNG.java:77)
]]>
            </full-stacktrace>
          </exception>
        </test-method>
        <test-method status="SKIP" signature="setUp()" name="setUp" is-config="true" duration-ms="0" started-at="2018-04-12T13:55:33Z" finished-at="2018-04-12T13:55:33Z">
        </test-method>
        <test-method status="SKIP" signature="textCheck()" name="textCheck" duration-ms="2" started-at="2018-04-12T13:55:33Z" finished-at="2018-04-12T13:55:33Z">
        </test-method>
        <test-method status="SKIP" signature="tearDown()" name="tearDown" is-config="true" duration-ms="0" started-at="2018-04-12T13:55:33Z" finished-at="2018-04-12T13:55:33Z">
        </test-method>
        <test-method status="SKIP" signature="setUp()" name="setUp" is-config="true" duration-ms="0" started-at="2018-04-12T13:55:33Z" finished-at="2018-04-12T13:55:33Z">
        </test-method>
        <test-method status="SKIP" signature="Downloadpdf()" name="Downloadpdf" duration-ms="1" started-at="2018-04-12T13:55:33Z" finished-at="2018-04-12T13:55:33Z">
        </test-method>
        <test-method status="SKIP" signature="tearDown()" name="tearDown" is-config="true" duration-ms="0" started-at="2018-04-12T13:55:33Z" finished-at="2018-04-12T13:55:33Z">
        </test-method>
        <test-method status="SKIP" signature="setUp()" name="setUp" is-config="true" duration-ms="0" started-at="2018-04-12T13:55:34Z" finished-at="2018-04-12T13:55:34Z">
        </test-method>
        <test-method status="SKIP" signature="searchpatient(java.lang.String, java.lang.String)" name="searchpatient" duration-ms="7" started-at="2018-04-12T13:55:34Z" finished-at="2018-04-12T13:55:34Z">
          <params>
            <param index="0">
              <value>
                <![CDATA[01-Sep-2018]]>
              </value>
            </param>
            <param index="1">
              <value>
                <![CDATA[03-Jun-2018]]>
              </value>
            </param>
          </params>
        </test-method>
        <test-method status="SKIP" signature="tearDown()" name="tearDown" is-config="true" duration-ms="0" started-at="2018-04-12T13:55:34Z" finished-at="2018-04-12T13:55:34Z">
        </test-method>
        <test-method status="SKIP" signature="setUp()" name="setUp" is-config="true" duration-ms="0" started-at="2018-04-12T13:55:34Z" finished-at="2018-04-12T13:55:34Z">
        </test-method>
        <test-method status="SKIP" signature="searchpatientwithemail()" name="searchpatientwithemail" duration-ms="6" started-at="2018-04-12T13:55:34Z" finished-at="2018-04-12T13:55:34Z">
        </test-method>
        <test-method status="SKIP" signature="tearDown()" name="tearDown" is-config="true" duration-ms="0" started-at="2018-04-12T13:55:34Z" finished-at="2018-04-12T13:55:34Z">
        </test-method>
        <test-method status="SKIP" signature="setUp()" name="setUp" is-config="true" duration-ms="0" started-at="2018-04-12T13:55:34Z" finished-at="2018-04-12T13:55:34Z">
        </test-method>
        <test-method status="SKIP" signature="searchpatientwithname()" name="searchpatientwithname" duration-ms="3" started-at="2018-04-12T13:55:34Z" finished-at="2018-04-12T13:55:34Z">
        </test-method>
        <test-method status="SKIP" signature="tearDown()" name="tearDown" is-config="true" duration-ms="0" started-at="2018-04-12T13:55:34Z" finished-at="2018-04-12T13:55:34Z">
        </test-method>
      </class>
    </test>
  </suite>
</testng-results>
